<?xml version="1.0" encoding="UTF-8"?>
<testsuite name="org.observertc.webrtc.common.jobs.JobTest" tests="1" skipped="0" failures="0" errors="0" timestamp="2020-10-24T16:26:20" hostname="Balazss-MacBook-Pro.local" time="0.018">
  <properties/>
  <testcase name="shouldRunInOrder()" classname="org.observertc.webrtc.common.jobs.JobTest" time="0.018"/>
  <system-out><![CDATA[executed
executed
executed
executed
executed
]]></system-out>
  <system-err><![CDATA[SLF4J: Failed to load class "org.slf4j.impl.StaticLoggerBinder".
SLF4J: Defaulting to no-operation (NOP) logger implementation
SLF4J: See http://www.slf4j.org/codes.html#StaticLoggerBinder for further details.
]]></system-err>
</testsuite>
